[0703/102540.293:WARNING:chrome_browser_cloud_management_controller.cc(87)] Could not create policy manager as CBCM is not enabled.
[0703/114816.936:WARNING:chrome_browser_cloud_management_controller.cc(87)] Could not create policy manager as CBCM is not enabled.
[0703/153615.134:WARNING:chrome_browser_cloud_management_controller.cc(87)] Could not create policy manager as CBCM is not enabled.
[0703/153713.159:WARNING:chrome_browser_cloud_management_controller.cc(87)] Could not create policy manager as CBCM is not enabled.
[0703/153816.659:WARNING:chrome_browser_cloud_management_controller.cc(87)] Could not create policy manager as CBCM is not enabled.
[0703/153913.629:WARNING:chrome_browser_cloud_management_controller.cc(87)] Could not create policy manager as CBCM is not enabled.
[0703/153950.021:INFO:CONSOLE(108)] "The key "target-densitydpi" is not supported.", source: http://gw.dev.corp/WebSite/Approval/Forms/Form.aspx?mode=ADMINEDMS&piid=68ef785c-3051-4966-82ff-0f3d23be5cbc (108)
[0703/154017.263:INFO:CONSOLE(108)] "The key "target-densitydpi" is not supported.", source: http://gw.dev.corp/WebSite/Approval/Forms/Form.aspx?mode=ADMINEDMS&piid=190afb3c-2a10-4582-888c-2de940542cc0 (108)
[0703/154043.891:INFO:CONSOLE(108)] "The key "target-densitydpi" is not supported.", source: http://gw.dev.corp/WebSite/Approval/Forms/Form.aspx?mode=ADMINEDMS&piid=229c5dff-0543-4546-b241-4b03b903cdcc (108)
[0703/154051.149:INFO:CONSOLE(108)] "The key "target-densitydpi" is not supported.", source: http://gw.dev.corp/WebSite/Approval/Forms/Form.aspx?mode=ADMINEDMS&piid=a5f169f3-b1ef-45a4-88e0-ec1131780877 (108)
[0703/154141.327:INFO:CONSOLE(1)] "Invalid 'X-Frame-Options' header encountered when loading 'http://gw.dev.corp/': 'ALLOW-FROM https://teams.microsoft.com' is not a recognized directive. The header will be ignored.", source: http://gw.dev.corp/WebSite/TimeOutKeep.aspx (1)
[0703/173046.746:WARNING:chrome_browser_cloud_management_controller.cc(87)] Could not create policy manager as CBCM is not enabled.
[0703/173055.597:INFO:CONSOLE(108)] "The key "target-densitydpi" is not supported.", source: http://gw.dev.corp/WebSite/Approval/Forms/Form.aspx?mode=ADMINEDMS&piid=68ef785c-3051-4966-82ff-0f3d23be5cbc (108)
[0703/173738.177:WARNING:chrome_browser_cloud_management_controller.cc(87)] Could not create policy manager as CBCM is not enabled.
[0703/173744.140:INFO:CONSOLE(108)] "The key "target-densitydpi" is not supported.", source: http://gw.dev.corp/WebSite/Approval/Forms/Form.aspx?mode=ADMINEDMS&piid=68ef785c-3051-4966-82ff-0f3d23be5cbc (108)
[0703/173920.567:WARNING:chrome_browser_cloud_management_controller.cc(87)] Could not create policy manager as CBCM is not enabled.
[0703/173926.089:INFO:CONSOLE(108)] "The key "target-densitydpi" is not supported.", source: http://gw.dev.corp/WebSite/Approval/Forms/Form.aspx?mode=ADMINEDMS&piid=68ef785c-3051-4966-82ff-0f3d23be5cbc (108)
[0703/174049.982:WARNING:chrome_browser_cloud_management_controller.cc(87)] Could not create policy manager as CBCM is not enabled.
[0703/174055.210:INFO:CONSOLE(108)] "The key "target-densitydpi" is not supported.", source: http://gw.dev.corp/WebSite/Approval/Forms/Form.aspx?mode=ADMINEDMS&piid=68ef785c-3051-4966-82ff-0f3d23be5cbc (108)
[0703/174223.884:WARNING:chrome_browser_cloud_management_controller.cc(87)] Could not create policy manager as CBCM is not enabled.
[0703/174230.668:INFO:CONSOLE(108)] "The key "target-densitydpi" is not supported.", source: http://gw.dev.corp/WebSite/Approval/Forms/Form.aspx?mode=ADMINEDMS&piid=68ef785c-3051-4966-82ff-0f3d23be5cbc (108)
[0703/174233.196:INFO:CONSOLE(108)] "The key "target-densitydpi" is not supported.", source: http://gw.dev.corp/WebSite/Approval/Forms/Form.aspx?mode=ADMINEDMS&piid=190afb3c-2a10-4582-888c-2de940542cc0 (108)
[0703/174235.120:INFO:CONSOLE(108)] "The key "target-densitydpi" is not supported.", source: http://gw.dev.corp/WebSite/Approval/Forms/Form.aspx?mode=ADMINEDMS&piid=229c5dff-0543-4546-b241-4b03b903cdcc (108)
[0703/174237.120:INFO:CONSOLE(108)] "The key "target-densitydpi" is not supported.", source: http://gw.dev.corp/WebSite/Approval/Forms/Form.aspx?mode=ADMINEDMS&piid=a5f169f3-b1ef-45a4-88e0-ec1131780877 (108)
[0703/180224.488:WARNING:chrome_browser_cloud_management_controller.cc(87)] Could not create policy manager as CBCM is not enabled.
[0703/180233.596:INFO:CONSOLE(108)] "The key "target-densitydpi" is not supported.", source: http://gw.dev.corp/WebSite/Approval/Forms/Form.aspx?mode=ADMINEDMS&piid=68ef785c-3051-4966-82ff-0f3d23be5cbc (108)
[0703/180236.109:INFO:CONSOLE(108)] "The key "target-densitydpi" is not supported.", source: http://gw.dev.corp/WebSite/Approval/Forms/Form.aspx?mode=ADMINEDMS&piid=190afb3c-2a10-4582-888c-2de940542cc0 (108)
[0703/180238.214:INFO:CONSOLE(108)] "The key "target-densitydpi" is not supported.", source: http://gw.dev.corp/WebSite/Approval/Forms/Form.aspx?mode=ADMINEDMS&piid=229c5dff-0543-4546-b241-4b03b903cdcc (108)
[0703/180240.290:INFO:CONSOLE(108)] "The key "target-densitydpi" is not supported.", source: http://gw.dev.corp/WebSite/Approval/Forms/Form.aspx?mode=ADMINEDMS&piid=a5f169f3-b1ef-45a4-88e0-ec1131780877 (108)
[0703/180330.356:INFO:CONSOLE(1)] "Invalid 'X-Frame-Options' header encountered when loading 'http://gw.dev.corp/': 'ALLOW-FROM https://teams.microsoft.com' is not a recognized directive. The header will be ignored.", source: http://gw.dev.corp/WebSite/TimeOutKeep.aspx (1)
[0703/180356.867:INFO:CONSOLE(108)] "The key "target-densitydpi" is not supported.", source: http://gw.dev.corp/WebSite/Approval/Forms/Form.aspx?mode=ADMINEDMS&piid=68ef785c-3051-4966-82ff-0f3d23be5cbc (108)
[0703/180421.961:INFO:CONSOLE(108)] "The key "target-densitydpi" is not supported.", source: http://gw.dev.corp/WebSite/Approval/Forms/Form.aspx?mode=ADMINEDMS&piid=190afb3c-2a10-4582-888c-2de940542cc0 (108)
[0703/180537.113:INFO:CONSOLE(1)] "Invalid 'X-Frame-Options' header encountered when loading 'http://gw.dev.corp/': 'ALLOW-FROM https://teams.microsoft.com' is not a recognized directive. The header will be ignored.", source: http://gw.dev.corp/WebSite/TimeOutKeep.aspx (1)
[0703/180629.083:INFO:CONSOLE(1)] "Invalid 'X-Frame-Options' header encountered when loading 'http://gw.dev.corp/': 'ALLOW-FROM https://teams.microsoft.com' is not a recognized directive. The header will be ignored.", source: http://gw.dev.corp/WebSite/TimeOutKeep.aspx (1)
[0703/180731.350:WARNING:chrome_browser_cloud_management_controller.cc(87)] Could not create policy manager as CBCM is not enabled.
[0703/180744.643:INFO:CONSOLE(108)] "The key "target-densitydpi" is not supported.", source: http://gw.dev.corp/WebSite/Approval/Forms/Form.aspx?mode=ADMINEDMS&piid=68ef785c-3051-4966-82ff-0f3d23be5cbc (108)
[0703/180805.189:INFO:CONSOLE(108)] "The key "target-densitydpi" is not supported.", source: http://gw.dev.corp/WebSite/Approval/Forms/Form.aspx?mode=ADMINEDMS&piid=190afb3c-2a10-4582-888c-2de940542cc0 (108)
[0703/180808.880:INFO:CONSOLE(108)] "The key "target-densitydpi" is not supported.", source: http://gw.dev.corp/WebSite/Approval/Forms/Form.aspx?mode=ADMINEDMS&piid=229c5dff-0543-4546-b241-4b03b903cdcc (108)
[0703/180814.420:INFO:CONSOLE(108)] "The key "target-densitydpi" is not supported.", source: http://gw.dev.corp/WebSite/Approval/Forms/Form.aspx?mode=ADMINEDMS&piid=a5f169f3-b1ef-45a4-88e0-ec1131780877 (108)
[0704/100103.537:WARNING:chrome_browser_cloud_management_controller.cc(87)] Could not create policy manager as CBCM is not enabled.
[0704/100209.696:INFO:CONSOLE(108)] "The key "target-densitydpi" is not supported.", source: http://gw.dev.corp/WebSite/Approval/Forms/Form.aspx?mode=ADMINEDMS&piid=68ef785c-3051-4966-82ff-0f3d23be5cbc (108)
[0704/100221.661:INFO:CONSOLE(108)] "The key "target-densitydpi" is not supported.", source: http://gw.dev.corp/WebSite/Approval/Forms/Form.aspx?mode=ADMINEDMS&piid=190afb3c-2a10-4582-888c-2de940542cc0 (108)
[0704/100224.364:INFO:CONSOLE(108)] "The key "target-densitydpi" is not supported.", source: http://gw.dev.corp/WebSite/Approval/Forms/Form.aspx?mode=ADMINEDMS&piid=229c5dff-0543-4546-b241-4b03b903cdcc (108)
[0704/100227.117:INFO:CONSOLE(108)] "The key "target-densitydpi" is not supported.", source: http://gw.dev.corp/WebSite/Approval/Forms/Form.aspx?mode=ADMINEDMS&piid=a5f169f3-b1ef-45a4-88e0-ec1131780877 (108)
[0704/132010.997:WARNING:chrome_browser_cloud_management_controller.cc(87)] Could not create policy manager as CBCM is not enabled.
[0704/132039.847:INFO:CONSOLE(108)] "The key "target-densitydpi" is not supported.", source: http://gw.dev.corp/WebSite/Approval/Forms/Form.aspx?mode=ADMINEDMS&piid=68ef785c-3051-4966-82ff-0f3d23be5cbc (108)
[0704/132043.210:INFO:CONSOLE(108)] "The key "target-densitydpi" is not supported.", source: http://gw.dev.corp/WebSite/Approval/Forms/Form.aspx?mode=ADMINEDMS&piid=190afb3c-2a10-4582-888c-2de940542cc0 (108)
[0704/132045.505:INFO:CONSOLE(108)] "The key "target-densitydpi" is not supported.", source: http://gw.dev.corp/WebSite/Approval/Forms/Form.aspx?mode=ADMINEDMS&piid=229c5dff-0543-4546-b241-4b03b903cdcc (108)
[0704/132047.880:INFO:CONSOLE(108)] "The key "target-densitydpi" is not supported.", source: http://gw.dev.corp/WebSite/Approval/Forms/Form.aspx?mode=ADMINEDMS&piid=a5f169f3-b1ef-45a4-88e0-ec1131780877 (108)
[0704/132144.018:WARNING:chrome_browser_cloud_management_controller.cc(87)] Could not create policy manager as CBCM is not enabled.
[0704/132149.867:INFO:CONSOLE(108)] "The key "target-densitydpi" is not supported.", source: http://gw.dev.corp/WebSite/Approval/Forms/Form.aspx?mode=ADMINEDMS&piid=68ef785c-3051-4966-82ff-0f3d23be5cbc (108)
[0704/132215.475:WARNING:chrome_browser_cloud_management_controller.cc(87)] Could not create policy manager as CBCM is not enabled.
[0704/132658.192:INFO:CONSOLE(108)] "The key "target-densitydpi" is not supported.", source: http://gw.dev.corp/WebSite/Approval/Forms/Form.aspx?mode=ADMINEDMS&piid=68ef785c-3051-4966-82ff-0f3d23be5cbc (108)
[0704/134206.011:WARNING:chrome_browser_cloud_management_controller.cc(87)] Could not create policy manager as CBCM is not enabled.
[0704/134930.387:WARNING:chrome_browser_cloud_management_controller.cc(87)] Could not create policy manager as CBCM is not enabled.
[0704/134949.953:WARNING:chrome_browser_cloud_management_controller.cc(87)] Could not create policy manager as CBCM is not enabled.
[0704/135001.962:WARNING:chrome_browser_cloud_management_controller.cc(87)] Could not create policy manager as CBCM is not enabled.
[0704/152702.417:WARNING:chrome_browser_cloud_management_controller.cc(87)] Could not create policy manager as CBCM is not enabled.
[0704/152722.826:WARNING:chrome_browser_cloud_management_controller.cc(87)] Could not create policy manager as CBCM is not enabled.
[0704/153203.736:WARNING:chrome_browser_cloud_management_controller.cc(87)] Could not create policy manager as CBCM is not enabled.
[0704/153702.009:WARNING:chrome_browser_cloud_management_controller.cc(87)] Could not create policy manager as CBCM is not enabled.
[0704/154201.980:WARNING:chrome_browser_cloud_management_controller.cc(87)] Could not create policy manager as CBCM is not enabled.
[0704/154702.251:WARNING:chrome_browser_cloud_management_controller.cc(87)] Could not create policy manager as CBCM is not enabled.
[0704/155702.251:WARNING:chrome_browser_cloud_management_controller.cc(87)] Could not create policy manager as CBCM is not enabled.
[0704/160346.906:WARNING:chrome_browser_cloud_management_controller.cc(87)] Could not create policy manager as CBCM is not enabled.
[0704/160703.153:WARNING:chrome_browser_cloud_management_controller.cc(87)] Could not create policy manager as CBCM is not enabled.
[0704/162650.637:WARNING:chrome_browser_cloud_management_controller.cc(87)] Could not create policy manager as CBCM is not enabled.
[0704/162701.978:WARNING:chrome_browser_cloud_management_controller.cc(87)] Could not create policy manager as CBCM is not enabled.
[0704/162830.771:WARNING:chrome_browser_cloud_management_controller.cc(87)] Could not create policy manager as CBCM is not enabled.
[0704/162922.601:WARNING:chrome_browser_cloud_management_controller.cc(87)] Could not create policy manager as CBCM is not enabled.
[0704/162947.229:WARNING:chrome_browser_cloud_management_controller.cc(87)] Could not create policy manager as CBCM is not enabled.
[0704/163202.000:WARNING:chrome_browser_cloud_management_controller.cc(87)] Could not create policy manager as CBCM is not enabled.
[0704/163224.723:WARNING:chrome_browser_cloud_management_controller.cc(87)] Could not create policy manager as CBCM is not enabled.
[0704/163245.531:WARNING:chrome_browser_cloud_management_controller.cc(87)] Could not create policy manager as CBCM is not enabled.
[0704/163259.257:WARNING:chrome_browser_cloud_management_controller.cc(87)] Could not create policy manager as CBCM is not enabled.
[0704/163631.777:WARNING:chrome_browser_cloud_management_controller.cc(87)] Could not create policy manager as CBCM is not enabled.
[0704/163703.469:WARNING:chrome_browser_cloud_management_controller.cc(87)] Could not create policy manager as CBCM is not enabled.
[0704/163736.964:WARNING:chrome_browser_cloud_management_controller.cc(87)] Could not create policy manager as CBCM is not enabled.
[0704/163902.032:WARNING:chrome_browser_cloud_management_controller.cc(87)] Could not create policy manager as CBCM is not enabled.
[0704/164203.290:WARNING:chrome_browser_cloud_management_controller.cc(87)] Could not create policy manager as CBCM is not enabled.
[0719/204940.939:WARNING:chrome_browser_cloud_management_controller.cc(87)] Could not create policy manager as CBCM is not enabled.
[0814/150817.989:WARNING:chrome_browser_cloud_management_controller.cc(87)] Could not create policy manager as CBCM is not enabled.
[0814/151437.516:WARNING:chrome_browser_cloud_management_controller.cc(87)] Could not create policy manager as CBCM is not enabled.
[0814/151739.597:WARNING:chrome_browser_cloud_management_controller.cc(87)] Could not create policy manager as CBCM is not enabled.
[0814/152859.196:WARNING:frame_impl.cc(420)] SendProcessMessage sent to detached frame 21474836496 [5,16] will be ignored
[0814/152859.197:WARNING:frame_impl.cc(420)] SendProcessMessage sent to detached frame 21474836496 [5,16] will be ignored
[0814/180430.258:WARNING:chrome_browser_cloud_management_controller.cc(87)] Could not create policy manager as CBCM is not enabled.
[0814/193131.402:ERROR:dns_config_service.cc(273)] DNS config watch failed.
[0814/193131.402:ERROR:dns_config_service.cc(273)] DNS config watch failed.
[0816/100810.081:WARNING:chrome_browser_cloud_management_controller.cc(87)] Could not create policy manager as CBCM is not enabled.
[0816/101726.483:WARNING:chrome_browser_cloud_management_controller.cc(87)] Could not create policy manager as CBCM is not enabled.
[0816/101849.622:WARNING:chrome_browser_cloud_management_controller.cc(87)] Could not create policy manager as CBCM is not enabled.
[0816/104434.944:WARNING:chrome_browser_cloud_management_controller.cc(87)] Could not create policy manager as CBCM is not enabled.
[0816/104550.840:WARNING:chrome_browser_cloud_management_controller.cc(87)] Could not create policy manager as CBCM is not enabled.
[0816/104607.985:WARNING:frame_impl.cc(420)] SendProcessMessage sent to detached frame 25769803783 [6,7] will be ignored
[0816/104607.988:WARNING:frame_impl.cc(420)] SendProcessMessage sent to detached frame 25769803783 [6,7] will be ignored
[0816/104803.779:WARNING:chrome_browser_cloud_management_controller.cc(87)] Could not create policy manager as CBCM is not enabled.
[0816/105123.027:WARNING:chrome_browser_cloud_management_controller.cc(87)] Could not create policy manager as CBCM is not enabled.
[0816/105448.942:WARNING:chrome_browser_cloud_management_controller.cc(87)] Could not create policy manager as CBCM is not enabled.
[0816/105654.129:WARNING:chrome_browser_cloud_management_controller.cc(87)] Could not create policy manager as CBCM is not enabled.
[0816/105707.783:WARNING:frame_impl.cc(420)] SendProcessMessage sent to detached frame 25769803783 [6,7] will be ignored
[0816/105707.783:WARNING:frame_impl.cc(420)] SendProcessMessage sent to detached frame 25769803783 [6,7] will be ignored
[0816/105936.932:WARNING:chrome_browser_cloud_management_controller.cc(87)] Could not create policy manager as CBCM is not enabled.
[0816/110422.883:WARNING:chrome_browser_cloud_management_controller.cc(87)] Could not create policy manager as CBCM is not enabled.
[0816/110904.627:WARNING:chrome_browser_cloud_management_controller.cc(87)] Could not create policy manager as CBCM is not enabled.
[0816/111029.873:WARNING:chrome_browser_cloud_management_controller.cc(87)] Could not create policy manager as CBCM is not enabled.
[0816/112323.296:WARNING:chrome_browser_cloud_management_controller.cc(87)] Could not create policy manager as CBCM is not enabled.
[0816/113010.748:WARNING:chrome_browser_cloud_management_controller.cc(87)] Could not create policy manager as CBCM is not enabled.
[0816/132923.918:WARNING:chrome_browser_cloud_management_controller.cc(87)] Could not create policy manager as CBCM is not enabled.
[0816/133309.832:WARNING:chrome_browser_cloud_management_controller.cc(87)] Could not create policy manager as CBCM is not enabled.
[0816/133939.679:WARNING:chrome_browser_cloud_management_controller.cc(87)] Could not create policy manager as CBCM is not enabled.
[0816/134803.701:WARNING:chrome_browser_cloud_management_controller.cc(87)] Could not create policy manager as CBCM is not enabled.
[0816/135719.331:WARNING:chrome_browser_cloud_management_controller.cc(87)] Could not create policy manager as CBCM is not enabled.
[0816/141138.674:WARNING:chrome_browser_cloud_management_controller.cc(87)] Could not create policy manager as CBCM is not enabled.
[0816/142741.249:WARNING:chrome_browser_cloud_management_controller.cc(87)] Could not create policy manager as CBCM is not enabled.
[0816/142824.871:WARNING:chrome_browser_cloud_management_controller.cc(87)] Could not create policy manager as CBCM is not enabled.
[0816/143118.724:WARNING:chrome_browser_cloud_management_controller.cc(87)] Could not create policy manager as CBCM is not enabled.
[0816/144053.430:WARNING:chrome_browser_cloud_management_controller.cc(87)] Could not create policy manager as CBCM is not enabled.
[0816/144355.594:WARNING:chrome_browser_cloud_management_controller.cc(87)] Could not create policy manager as CBCM is not enabled.
[0816/144441.105:WARNING:chrome_browser_cloud_management_controller.cc(87)] Could not create policy manager as CBCM is not enabled.
[0816/151553.686:WARNING:chrome_browser_cloud_management_controller.cc(87)] Could not create policy manager as CBCM is not enabled.
[0816/151657.890:WARNING:chrome_browser_cloud_management_controller.cc(87)] Could not create policy manager as CBCM is not enabled.
[0816/151710.193:WARNING:frame_impl.cc(420)] SendProcessMessage sent to detached frame 25769803783 [6,7] will be ignored
[0816/151710.193:WARNING:frame_impl.cc(420)] SendProcessMessage sent to detached frame 25769803783 [6,7] will be ignored
[0816/151849.882:WARNING:chrome_browser_cloud_management_controller.cc(87)] Could not create policy manager as CBCM is not enabled.
[0816/152520.931:WARNING:chrome_browser_cloud_management_controller.cc(87)] Could not create policy manager as CBCM is not enabled.
[0816/152600.919:WARNING:chrome_browser_cloud_management_controller.cc(87)] Could not create policy manager as CBCM is not enabled.
[0816/153104.214:ERROR:dns_config_service.cc(273)] DNS config watch failed.
[0816/153104.215:ERROR:dns_config_service.cc(273)] DNS config watch failed.
[0816/154346.298:WARNING:chrome_browser_cloud_management_controller.cc(87)] Could not create policy manager as CBCM is not enabled.
[0816/163059.773:WARNING:chrome_browser_cloud_management_controller.cc(87)] Could not create policy manager as CBCM is not enabled.
[0816/163727.282:WARNING:chrome_browser_cloud_management_controller.cc(87)] Could not create policy manager as CBCM is not enabled.
[0816/164321.463:WARNING:chrome_browser_cloud_management_controller.cc(87)] Could not create policy manager as CBCM is not enabled.
[0816/164346.325:WARNING:chrome_browser_cloud_management_controller.cc(87)] Could not create policy manager as CBCM is not enabled.
[0816/164522.366:WARNING:chrome_browser_cloud_management_controller.cc(87)] Could not create policy manager as CBCM is not enabled.
[0816/165702.481:WARNING:chrome_browser_cloud_management_controller.cc(87)] Could not create policy manager as CBCM is not enabled.
[0816/170429.587:WARNING:chrome_browser_cloud_management_controller.cc(87)] Could not create policy manager as CBCM is not enabled.
[0817/092951.531:WARNING:chrome_browser_cloud_management_controller.cc(87)] Could not create policy manager as CBCM is not enabled.
[0817/100407.510:WARNING:chrome_browser_cloud_management_controller.cc(87)] Could not create policy manager as CBCM is not enabled.
[0817/101338.016:WARNING:chrome_browser_cloud_management_controller.cc(87)] Could not create policy manager as CBCM is not enabled.
[0817/110735.869:WARNING:chrome_browser_cloud_management_controller.cc(87)] Could not create policy manager as CBCM is not enabled.
[0817/113239.862:WARNING:chrome_browser_cloud_management_controller.cc(87)] Could not create policy manager as CBCM is not enabled.
[0817/113906.220:WARNING:chrome_browser_cloud_management_controller.cc(87)] Could not create policy manager as CBCM is not enabled.
[0817/114053.382:WARNING:chrome_browser_cloud_management_controller.cc(87)] Could not create policy manager as CBCM is not enabled.
[0817/114148.528:WARNING:chrome_browser_cloud_management_controller.cc(87)] Could not create policy manager as CBCM is not enabled.
[0817/114409.106:WARNING:chrome_browser_cloud_management_controller.cc(87)] Could not create policy manager as CBCM is not enabled.
[0817/114813.123:WARNING:chrome_browser_cloud_management_controller.cc(87)] Could not create policy manager as CBCM is not enabled.
[0817/133443.102:WARNING:chrome_browser_cloud_management_controller.cc(87)] Could not create policy manager as CBCM is not enabled.
[0817/134642.481:WARNING:chrome_browser_cloud_management_controller.cc(87)] Could not create policy manager as CBCM is not enabled.
[0817/140533.061:WARNING:chrome_browser_cloud_management_controller.cc(87)] Could not create policy manager as CBCM is not enabled.
[0817/140738.438:WARNING:chrome_browser_cloud_management_controller.cc(87)] Could not create policy manager as CBCM is not enabled.
[0817/141124.957:WARNING:chrome_browser_cloud_management_controller.cc(87)] Could not create policy manager as CBCM is not enabled.
[0817/141338.106:WARNING:chrome_browser_cloud_management_controller.cc(87)] Could not create policy manager as CBCM is not enabled.
[0817/144305.664:WARNING:chrome_browser_cloud_management_controller.cc(87)] Could not create policy manager as CBCM is not enabled.
[0817/144426.133:WARNING:chrome_browser_cloud_management_controller.cc(87)] Could not create policy manager as CBCM is not enabled.
[0817/144542.723:WARNING:chrome_browser_cloud_management_controller.cc(87)] Could not create policy manager as CBCM is not enabled.
[0817/144850.177:WARNING:chrome_browser_cloud_management_controller.cc(87)] Could not create policy manager as CBCM is not enabled.
[0817/193130.826:ERROR:dns_config_service.cc(273)] DNS config watch failed.
[0817/193130.826:ERROR:dns_config_service.cc(273)] DNS config watch failed.
[0818/135614.390:WARNING:chrome_browser_cloud_management_controller.cc(87)] Could not create policy manager as CBCM is not enabled.
[0818/135648.594:WARNING:chrome_browser_cloud_management_controller.cc(87)] Could not create policy manager as CBCM is not enabled.
[0818/135741.743:WARNING:chrome_browser_cloud_management_controller.cc(87)] Could not create policy manager as CBCM is not enabled.
[0818/140139.988:WARNING:chrome_browser_cloud_management_controller.cc(87)] Could not create policy manager as CBCM is not enabled.
[0818/143422.438:WARNING:chrome_browser_cloud_management_controller.cc(87)] Could not create policy manager as CBCM is not enabled.
[0818/143714.641:WARNING:chrome_browser_cloud_management_controller.cc(87)] Could not create policy manager as CBCM is not enabled.
[0818/164046.315:WARNING:chrome_browser_cloud_management_controller.cc(87)] Could not create policy manager as CBCM is not enabled.
[0818/164342.088:WARNING:chrome_browser_cloud_management_controller.cc(87)] Could not create policy manager as CBCM is not enabled.
[0818/173641.999:WARNING:chrome_browser_cloud_management_controller.cc(87)] Could not create policy manager as CBCM is not enabled.
[0818/174524.199:WARNING:chrome_browser_cloud_management_controller.cc(87)] Could not create policy manager as CBCM is not enabled.
[0818/174643.024:WARNING:chrome_browser_cloud_management_controller.cc(87)] Could not create policy manager as CBCM is not enabled.
[0818/174704.987:WARNING:chrome_browser_cloud_management_controller.cc(87)] Could not create policy manager as CBCM is not enabled.
[0821/130424.936:WARNING:chrome_browser_cloud_management_controller.cc(87)] Could not create policy manager as CBCM is not enabled.
[0821/130542.407:WARNING:chrome_browser_cloud_management_controller.cc(87)] Could not create policy manager as CBCM is not enabled.
[0821/130815.108:WARNING:chrome_browser_cloud_management_controller.cc(87)] Could not create policy manager as CBCM is not enabled.
[0821/132044.972:WARNING:chrome_browser_cloud_management_controller.cc(87)] Could not create policy manager as CBCM is not enabled.
[0821/132731.435:WARNING:chrome_browser_cloud_management_controller.cc(87)] Could not create policy manager as CBCM is not enabled.
[0821/134332.450:WARNING:chrome_browser_cloud_management_controller.cc(87)] Could not create policy manager as CBCM is not enabled.
[0821/134957.741:WARNING:chrome_browser_cloud_management_controller.cc(87)] Could not create policy manager as CBCM is not enabled.
[0821/135047.079:WARNING:chrome_browser_cloud_management_controller.cc(87)] Could not create policy manager as CBCM is not enabled.
[0821/135354.632:WARNING:chrome_browser_cloud_management_controller.cc(87)] Could not create policy manager as CBCM is not enabled.
[0821/155003.671:WARNING:chrome_browser_cloud_management_controller.cc(87)] Could not create policy manager as CBCM is not enabled.
[0821/155116.349:WARNING:chrome_browser_cloud_management_controller.cc(87)] Could not create policy manager as CBCM is not enabled.
[0821/155710.436:WARNING:chrome_browser_cloud_management_controller.cc(87)] Could not create policy manager as CBCM is not enabled.
[0821/155950.081:WARNING:chrome_browser_cloud_management_controller.cc(87)] Could not create policy manager as CBCM is not enabled.
[0821/160342.161:INFO:CONSOLE(18)] "Uncaught TypeError: Cannot read properties of undefined (reading 'lm_sys_option_set')", source: http://inziportal.inzi.co.kr/Scripts/ApprovalWFSet.js (18)
[0821/162030.796:WARNING:chrome_browser_cloud_management_controller.cc(87)] Could not create policy manager as CBCM is not enabled.
[0821/163045.764:WARNING:chrome_browser_cloud_management_controller.cc(87)] Could not create policy manager as CBCM is not enabled.
[0821/163206.493:WARNING:chrome_browser_cloud_management_controller.cc(87)] Could not create policy manager as CBCM is not enabled.
[0821/165426.553:WARNING:chrome_browser_cloud_management_controller.cc(87)] Could not create policy manager as CBCM is not enabled.
[0821/173338.722:WARNING:chrome_browser_cloud_management_controller.cc(87)] Could not create policy manager as CBCM is not enabled.
[0821/173612.343:WARNING:chrome_browser_cloud_management_controller.cc(87)] Could not create policy manager as CBCM is not enabled.
[0821/173831.340:WARNING:chrome_browser_cloud_management_controller.cc(87)] Could not create policy manager as CBCM is not enabled.
[0821/173833.910:INFO:CONSOLE(1)] "Uncaught TypeError: Cannot set properties of null (setting 'value')", source: about:blank (1)
[0821/173833.910:INFO:CONSOLE(1)] "Uncaught TypeError: Cannot set properties of null (setting 'value')", source: about:blank (1)
[0821/173919.905:WARNING:chrome_browser_cloud_management_controller.cc(87)] Could not create policy manager as CBCM is not enabled.
[0821/174012.683:WARNING:chrome_browser_cloud_management_controller.cc(87)] Could not create policy manager as CBCM is not enabled.
[0821/174651.777:WARNING:chrome_browser_cloud_management_controller.cc(87)] Could not create policy manager as CBCM is not enabled.
[0821/174909.594:WARNING:chrome_browser_cloud_management_controller.cc(87)] Could not create policy manager as CBCM is not enabled.
[0821/175047.784:INFO:CONSOLE(18)] "Uncaught TypeError: Cannot read properties of undefined (reading 'lm_sys_option_set')", source: http://inziportal.inzi.co.kr/Scripts/ApprovalWFSet.js (18)
[0821/181728.878:WARNING:chrome_browser_cloud_management_controller.cc(87)] Could not create policy manager as CBCM is not enabled.
[0822/104050.710:WARNING:chrome_browser_cloud_management_controller.cc(87)] Could not create policy manager as CBCM is not enabled.
[0822/104056.357:WARNING:chrome_browser_cloud_management_controller.cc(87)] Could not create policy manager as CBCM is not enabled.
[0822/104059.648:WARNING:chrome_browser_cloud_management_controller.cc(87)] Could not create policy manager as CBCM is not enabled.
[0822/104102.226:WARNING:chrome_browser_cloud_management_controller.cc(87)] Could not create policy manager as CBCM is not enabled.
[0822/104104.409:WARNING:chrome_browser_cloud_management_controller.cc(87)] Could not create policy manager as CBCM is not enabled.
[0822/104106.695:WARNING:chrome_browser_cloud_management_controller.cc(87)] Could not create policy manager as CBCM is not enabled.
[0822/104109.052:WARNING:chrome_browser_cloud_management_controller.cc(87)] Could not create policy manager as CBCM is not enabled.
[0822/104111.531:WARNING:chrome_browser_cloud_management_controller.cc(87)] Could not create policy manager as CBCM is not enabled.
[0822/104114.205:WARNING:chrome_browser_cloud_management_controller.cc(87)] Could not create policy manager as CBCM is not enabled.
[0822/104116.417:WARNING:chrome_browser_cloud_management_controller.cc(87)] Could not create policy manager as CBCM is not enabled.
[0822/104118.767:WARNING:chrome_browser_cloud_management_controller.cc(87)] Could not create policy manager as CBCM is not enabled.
[0822/104121.188:WARNING:chrome_browser_cloud_management_controller.cc(87)] Could not create policy manager as CBCM is not enabled.
[0822/104124.049:WARNING:chrome_browser_cloud_management_controller.cc(87)] Could not create policy manager as CBCM is not enabled.
[0822/104127.976:WARNING:chrome_browser_cloud_management_controller.cc(87)] Could not create policy manager as CBCM is not enabled.
[0822/104131.012:WARNING:chrome_browser_cloud_management_controller.cc(87)] Could not create policy manager as CBCM is not enabled.
[0822/104133.401:WARNING:chrome_browser_cloud_management_controller.cc(87)] Could not create policy manager as CBCM is not enabled.
[0822/104135.854:WARNING:chrome_browser_cloud_management_controller.cc(87)] Could not create policy manager as CBCM is not enabled.
[0822/104138.217:WARNING:chrome_browser_cloud_management_controller.cc(87)] Could not create policy manager as CBCM is not enabled.
[0822/104140.527:WARNING:chrome_browser_cloud_management_controller.cc(87)] Could not create policy manager as CBCM is not enabled.
[0822/104143.035:WARNING:chrome_browser_cloud_management_controller.cc(87)] Could not create policy manager as CBCM is not enabled.
[0822/104145.360:WARNING:chrome_browser_cloud_management_controller.cc(87)] Could not create policy manager as CBCM is not enabled.
[0822/104147.825:WARNING:chrome_browser_cloud_management_controller.cc(87)] Could not create policy manager as CBCM is not enabled.
[0822/104150.693:WARNING:chrome_browser_cloud_management_controller.cc(87)] Could not create policy manager as CBCM is not enabled.
[0822/104154.384:WARNING:chrome_browser_cloud_management_controller.cc(87)] Could not create policy manager as CBCM is not enabled.
[0822/104156.795:WARNING:chrome_browser_cloud_management_controller.cc(87)] Could not create policy manager as CBCM is not enabled.
[0822/104159.372:WARNING:chrome_browser_cloud_management_controller.cc(87)] Could not create policy manager as CBCM is not enabled.
[0822/104201.753:WARNING:chrome_browser_cloud_management_controller.cc(87)] Could not create policy manager as CBCM is not enabled.
[0822/104204.100:WARNING:chrome_browser_cloud_management_controller.cc(87)] Could not create policy manager as CBCM is not enabled.
[0822/104206.245:WARNING:chrome_browser_cloud_management_controller.cc(87)] Could not create policy manager as CBCM is not enabled.
[0822/104209.569:WARNING:chrome_browser_cloud_management_controller.cc(87)] Could not create policy manager as CBCM is not enabled.
[0822/104212.283:WARNING:chrome_browser_cloud_management_controller.cc(87)] Could not create policy manager as CBCM is not enabled.
[0822/104215.031:WARNING:chrome_browser_cloud_management_controller.cc(87)] Could not create policy manager as CBCM is not enabled.
[0822/104217.869:WARNING:chrome_browser_cloud_management_controller.cc(87)] Could not create policy manager as CBCM is not enabled.
[0822/104220.551:WARNING:chrome_browser_cloud_management_controller.cc(87)] Could not create policy manager as CBCM is not enabled.
[0822/104223.157:WARNING:chrome_browser_cloud_management_controller.cc(87)] Could not create policy manager as CBCM is not enabled.
[0822/104225.530:WARNING:chrome_browser_cloud_management_controller.cc(87)] Could not create policy manager as CBCM is not enabled.
[0822/104228.246:WARNING:chrome_browser_cloud_management_controller.cc(87)] Could not create policy manager as CBCM is not enabled.
[0822/104231.606:WARNING:chrome_browser_cloud_management_controller.cc(87)] Could not create policy manager as CBCM is not enabled.
[0822/104234.365:WARNING:chrome_browser_cloud_management_controller.cc(87)] Could not create policy manager as CBCM is not enabled.
[0822/104236.741:WARNING:chrome_browser_cloud_management_controller.cc(87)] Could not create policy manager as CBCM is not enabled.
[0822/104239.389:WARNING:chrome_browser_cloud_management_controller.cc(87)] Could not create policy manager as CBCM is not enabled.
[0822/104241.762:WARNING:chrome_browser_cloud_management_controller.cc(87)] Could not create policy manager as CBCM is not enabled.
[0822/104243.998:WARNING:chrome_browser_cloud_management_controller.cc(87)] Could not create policy manager as CBCM is not enabled.
[0822/104246.404:WARNING:chrome_browser_cloud_management_controller.cc(87)] Could not create policy manager as CBCM is not enabled.
[0822/104248.787:WARNING:chrome_browser_cloud_management_controller.cc(87)] Could not create policy manager as CBCM is not enabled.
[0822/104251.389:WARNING:chrome_browser_cloud_management_controller.cc(87)] Could not create policy manager as CBCM is not enabled.
[0822/104254.124:WARNING:chrome_browser_cloud_management_controller.cc(87)] Could not create policy manager as CBCM is not enabled.
[0822/104256.255:WARNING:chrome_browser_cloud_management_controller.cc(87)] Could not create policy manager as CBCM is not enabled.
[0822/104258.613:WARNING:chrome_browser_cloud_management_controller.cc(87)] Could not create policy manager as CBCM is not enabled.
[0822/104301.036:WARNING:chrome_browser_cloud_management_controller.cc(87)] Could not create policy manager as CBCM is not enabled.
[0822/104330.426:WARNING:chrome_browser_cloud_management_controller.cc(87)] Could not create policy manager as CBCM is not enabled.
[0822/104731.344:WARNING:chrome_browser_cloud_management_controller.cc(87)] Could not create policy manager as CBCM is not enabled.
[0822/165312.211:WARNING:chrome_browser_cloud_management_controller.cc(87)] Could not create policy manager as CBCM is not enabled.
[0822/165414.623:INFO:CONSOLE(0)] "Not allowed to load local resource: file:///C:/Users/admin/AppData/Local/Temp/msohtmlclip1/01/clip_image002.png", source: http://inziportal.inzi.co.kr/Approval/AppDocView001?doc_id=1085414&viewAuth=Y (0)
[0822/170354.575:WARNING:chrome_browser_cloud_management_controller.cc(87)] Could not create policy manager as CBCM is not enabled.
[0822/171858.605:WARNING:chrome_browser_cloud_management_controller.cc(87)] Could not create policy manager as CBCM is not enabled.
[0822/172451.825:INFO:CONSOLE(0)] "Not allowed to load local resource: file:///C:/Users/admin/AppData/Local/Temp/msohtmlclip1/01/clip_image002.png", source: http://inziportal.inzi.co.kr/Approval/AppDocView001?doc_id=1007711&viewAuth=Y (0)
[0822/174855.806:INFO:CONSOLE(0)] "Not allowed to load local resource: file:///C:/Users/admin/AppData/Local/Temp/msohtmlclip1/01/clip_image002.png", source: http://inziportal.inzi.co.kr/Approval/AppDocView001?doc_id=1008534&viewAuth=Y (0)
[0822/183945.479:INFO:CONSOLE(0)] "Not allowed to load local resource: file:///C:/Users/admin/AppData/Local/Temp/msohtmlclip1/01/clip_image002.png", source: http://inziportal.inzi.co.kr/Approval/AppDocView001?doc_id=1009738&viewAuth=Y (0)
[0822/192143.627:INFO:CONSOLE(0)] "Not allowed to load local resource: file:///C:/Users/admin/AppData/Local/Temp/msohtmlclip1/01/clip_image002.png", source: http://inziportal.inzi.co.kr/Approval/AppDocView001?doc_id=1010548&viewAuth=Y (0)
[0822/193132.542:ERROR:dns_config_service.cc(273)] DNS config watch failed.
[0822/193132.545:ERROR:dns_config_service.cc(273)] DNS config watch failed.
[0822/200437.990:INFO:CONSOLE(0)] "Not allowed to load local resource: file:///C:/Users/admin/AppData/Local/Temp/msohtmlclip1/01/clip_image002.png", source: http://inziportal.inzi.co.kr/Approval/AppDocView001?doc_id=1011238&viewAuth=Y (0)
[0823/085750.797:INFO:CONSOLE(18)] "Uncaught TypeError: Cannot read properties of undefined (reading 'lm_sys_option_set')", source: http://inziportal.inzi.co.kr/Scripts/ApprovalWFSet.js (18)
[0823/095858.962:WARNING:chrome_browser_cloud_management_controller.cc(87)] Could not create policy manager as CBCM is not enabled.
[0823/100337.209:WARNING:chrome_browser_cloud_management_controller.cc(87)] Could not create policy manager as CBCM is not enabled.
[0823/100416.761:WARNING:chrome_browser_cloud_management_controller.cc(87)] Could not create policy manager as CBCM is not enabled.
[0823/100458.752:WARNING:chrome_browser_cloud_management_controller.cc(87)] Could not create policy manager as CBCM is not enabled.
[0823/100520.964:WARNING:chrome_browser_cloud_management_controller.cc(87)] Could not create policy manager as CBCM is not enabled.
[0823/100742.405:WARNING:chrome_browser_cloud_management_controller.cc(87)] Could not create policy manager as CBCM is not enabled.
[0823/102008.238:WARNING:chrome_browser_cloud_management_controller.cc(87)] Could not create policy manager as CBCM is not enabled.
[0823/102135.928:WARNING:chrome_browser_cloud_management_controller.cc(87)] Could not create policy manager as CBCM is not enabled.
[0823/102844.334:WARNING:chrome_browser_cloud_management_controller.cc(87)] Could not create policy manager as CBCM is not enabled.
[0823/103133.625:WARNING:chrome_browser_cloud_management_controller.cc(87)] Could not create policy manager as CBCM is not enabled.
[0823/103410.062:WARNING:chrome_browser_cloud_management_controller.cc(87)] Could not create policy manager as CBCM is not enabled.
[0823/103505.385:WARNING:chrome_browser_cloud_management_controller.cc(87)] Could not create policy manager as CBCM is not enabled.
[0823/103548.965:WARNING:chrome_browser_cloud_management_controller.cc(87)] Could not create policy manager as CBCM is not enabled.
[0823/103628.539:WARNING:chrome_browser_cloud_management_controller.cc(87)] Could not create policy manager as CBCM is not enabled.
[0823/103721.173:WARNING:chrome_browser_cloud_management_controller.cc(87)] Could not create policy manager as CBCM is not enabled.
[0823/104310.634:WARNING:chrome_browser_cloud_management_controller.cc(87)] Could not create policy manager as CBCM is not enabled.
[0823/104928.473:WARNING:chrome_browser_cloud_management_controller.cc(87)] Could not create policy manager as CBCM is not enabled.
[0823/105505.959:WARNING:chrome_browser_cloud_management_controller.cc(87)] Could not create policy manager as CBCM is not enabled.
[0823/105631.186:WARNING:chrome_browser_cloud_management_controller.cc(87)] Could not create policy manager as CBCM is not enabled.
[0823/105702.647:WARNING:chrome_browser_cloud_management_controller.cc(87)] Could not create policy manager as CBCM is not enabled.
[0823/110551.482:WARNING:chrome_browser_cloud_management_controller.cc(87)] Could not create policy manager as CBCM is not enabled.
[0823/110608.827:WARNING:chrome_browser_cloud_management_controller.cc(87)] Could not create policy manager as CBCM is not enabled.
[0823/110615.741:WARNING:chrome_browser_cloud_management_controller.cc(87)] Could not create policy manager as CBCM is not enabled.
[0823/110622.719:WARNING:chrome_browser_cloud_management_controller.cc(87)] Could not create policy manager as CBCM is not enabled.
[0823/111149.005:WARNING:frame_impl.cc(420)] SendProcessMessage sent to detached frame 21474836485 [5,5] will be ignored
[0823/111153.289:WARNING:chrome_browser_cloud_management_controller.cc(87)] Could not create policy manager as CBCM is not enabled.
[0823/111207.672:WARNING:chrome_browser_cloud_management_controller.cc(87)] Could not create policy manager as CBCM is not enabled.
[0823/111215.375:WARNING:chrome_browser_cloud_management_controller.cc(87)] Could not create policy manager as CBCM is not enabled.
[0823/111831.082:WARNING:chrome_browser_cloud_management_controller.cc(87)] Could not create policy manager as CBCM is not enabled.
[0823/112103.063:WARNING:chrome_browser_cloud_management_controller.cc(87)] Could not create policy manager as CBCM is not enabled.
[0823/113355.351:WARNING:chrome_browser_cloud_management_controller.cc(87)] Could not create policy manager as CBCM is not enabled.
[0823/113457.435:WARNING:chrome_browser_cloud_management_controller.cc(87)] Could not create policy manager as CBCM is not enabled.
[0823/113552.439:WARNING:chrome_browser_cloud_management_controller.cc(87)] Could not create policy manager as CBCM is not enabled.
[0823/131722.906:WARNING:chrome_browser_cloud_management_controller.cc(87)] Could not create policy manager as CBCM is not enabled.
[0823/131841.661:WARNING:chrome_browser_cloud_management_controller.cc(87)] Could not create policy manager as CBCM is not enabled.
[0823/131926.737:WARNING:chrome_browser_cloud_management_controller.cc(87)] Could not create policy manager as CBCM is not enabled.
[0823/131952.953:WARNING:chrome_browser_cloud_management_controller.cc(87)] Could not create policy manager as CBCM is not enabled.
[0823/132205.739:WARNING:chrome_browser_cloud_management_controller.cc(87)] Could not create policy manager as CBCM is not enabled.
[0823/134035.416:WARNING:chrome_browser_cloud_management_controller.cc(87)] Could not create policy manager as CBCM is not enabled.
[0823/134342.375:INFO:CONSOLE(0)] "Not allowed to load local resource: file:///C:/Users/admin/AppData/Local/Temp/msohtmlclip1/01/clip_image002.png", source: http://inziportal.inzi.co.kr/Approval/AppDocView001?doc_id=1011863&viewAuth=Y (0)
[0823/134950.290:WARNING:chrome_browser_cloud_management_controller.cc(87)] Could not create policy manager as CBCM is not enabled.
[0823/141621.705:INFO:CONSOLE(0)] "Not allowed to load local resource: file:///C:/Users/admin/AppData/Local/Temp/msohtmlclip1/01/clip_image002.png", source: http://inziportal.inzi.co.kr/Approval/AppDocView001?doc_id=1012699&viewAuth=Y (0)
[0823/144845.199:INFO:CONSOLE(0)] "Not allowed to load local resource: file:///C:/Users/admin/AppData/Local/Temp/msohtmlclip1/01/clip_image002.png", source: http://inziportal.inzi.co.kr/Approval/AppDocView001?doc_id=1013481&viewAuth=Y (0)
[0823/150809.278:INFO:CONSOLE(0)] "Not allowed to load local resource: file:///C:/Users/admin/AppData/Local/Temp/msohtmlclip1/01/clip_image002.png", source: http://inziportal.inzi.co.kr/Approval/AppDocView001?doc_id=1013957&viewAuth=Y (0)
[0823/153106.897:INFO:CONSOLE(18)] "Uncaught TypeError: Cannot read properties of undefined (reading 'lm_sys_option_set')", source: http://inziportal.inzi.co.kr/Scripts/ApprovalWFSet.js (18)
[0823/153812.648:INFO:CONSOLE(0)] "Not allowed to load local resource: file:///C:/Users/admin/AppData/Local/Temp/msohtmlclip1/01/clip_image002.png", source: http://inziportal.inzi.co.kr/Approval/AppDocView001?doc_id=1014619&viewAuth=Y (0)
[0823/155737.724:INFO:CONSOLE(18)] "Uncaught TypeError: Cannot read properties of undefined (reading 'lm_sys_option_set')", source: http://inziportal.inzi.co.kr/Scripts/ApprovalWFSet.js (18)
[0823/162541.986:INFO:CONSOLE(0)] "Not allowed to load local resource: file:///C:/Users/admin/AppData/Local/Temp/msohtmlclip1/01/clip_image002.png", source: http://inziportal.inzi.co.kr/Approval/AppDocView001?doc_id=1015441&viewAuth=Y (0)
[0823/163131.396:ERROR:dns_config_service.cc(273)] DNS config watch failed.
[0823/163131.397:ERROR:dns_config_service.cc(273)] DNS config watch failed.
[0823/171946.825:WARNING:chrome_browser_cloud_management_controller.cc(87)] Could not create policy manager as CBCM is not enabled.
[0823/172033.724:WARNING:chrome_browser_cloud_management_controller.cc(87)] Could not create policy manager as CBCM is not enabled.
[0823/172044.004:WARNING:chrome_browser_cloud_management_controller.cc(87)] Could not create policy manager as CBCM is not enabled.
[0823/172223.243:INFO:CONSOLE(0)] "Uncaught (in promise) NotSupportedError: Failed to load because no supported source was found.", source: https://search.naver.com/search.naver?where=nexearch&sm=top_hty&fbm=0&ie=utf8&query=%EC%97%90%EB%A5%B4%EB%A9%94%EC%8A%A4 (0)
[0823/172223.303:INFO:CONSOLE(9)] "JQMIGRATE: Migrate is installed, version 1.4.1", source: https://www.hermes.com/sites/default/files/advagg_js/js__kYDYuWjxTOwhEt9VMKkAa5eQI2niSP44-3Tcg9WlpPU__c3cfLKijjTSDjNOJwjHTnYGBx30o9MD0EEs7nrcM8a0__npRnZwjDUXeKV8EBATuOBheHQeezgogiZBNl5ujj4FA.js (9)
[0823/172223.930:INFO:CONSOLE(2)] "Error", source: https://d.digital.hermes/tags.js (2)
[0823/172223.988:INFO:CONSOLE(1)] "Error", source:  (1)
[0823/172224.009:WARNING:frame_impl.cc(420)] SendProcessMessage sent to detached frame 25769803781 [6,5] will be ignored
[0823/172224.010:WARNING:frame_impl.cc(420)] SendProcessMessage sent to detached frame 25769803781 [6,5] will be ignored
[0823/172224.037:INFO:CONSOLE(2)] "Error", source: https://d.digital.hermes/tags.js (2)
[0823/172224.082:INFO:CONSOLE(1)] "Error", source:  (1)
[0823/172224.082:WARNING:frame_impl.cc(420)] SendProcessMessage sent to detached frame 25769803782 [6,6] will be ignored
[0823/172224.082:WARNING:frame_impl.cc(420)] SendProcessMessage sent to detached frame 25769803782 [6,6] will be ignored
[0823/172224.089:WARNING:frame_impl.cc(420)] SendProcessMessage sent to detached frame 25769803780 [6,4] will be ignored
[0823/172224.090:WARNING:frame_impl.cc(420)] SendProcessMessage sent to detached frame 25769803780 [6,4] will be ignored
[0823/172224.846:INFO:CONSOLE(2)] "react-i18next:: It seems you are still using the old wait option, you may migrate to the new useSuspense behaviour.", source: https://p-place.pstatic.net/assets/place/js/nxplace.pc.nxPlacePcAll.695d64174ed16709911a.js (2)
[0823/172226.276:INFO:CONSOLE(37)] "New Relic: Failed to execute setCustomAttribute.
Non-null value must be a string or number type, but a type of <undefined> was provided.", source: https://www.hermes.com/kr/ko/?utm_campaign=Brandzone_Search_KR&utm_source=Naver&utm_medium=Search&utm_content=Main_Link&n_media=27758&n_query=%EC%97%90%EB%A5%B4%EB%A9%94%EC%8A%A4&n_rank=1&n_ad_group=grp-a001-04-000000035530060&n_ad=nad-a001-04-000000250445122&n_keyword_id=nkw-a001-04-000005478173488&n_keyword=%EC%97%90%EB%A5%B4%EB%A9%94%EC%8A%A4&n_campaign_type=4&n_contract=tct-a001-04-000000000734280&n_ad_group_type=5 (37)
[0823/172226.277:INFO:CONSOLE(37)] "New Relic: Failed to execute setCustomAttribute.
Non-null value must be a string or number type, but a type of <boolean> was provided.", source: https://www.hermes.com/kr/ko/?utm_campaign=Brandzone_Search_KR&utm_source=Naver&utm_medium=Search&utm_content=Main_Link&n_media=27758&n_query=%EC%97%90%EB%A5%B4%EB%A9%94%EC%8A%A4&n_rank=1&n_ad_group=grp-a001-04-000000035530060&n_ad=nad-a001-04-000000250445122&n_keyword_id=nkw-a001-04-000005478173488&n_keyword=%EC%97%90%EB%A5%B4%EB%A9%94%EC%8A%A4&n_campaign_type=4&n_contract=tct-a001-04-000000000734280&n_ad_group_type=5 (37)
[0823/172226.277:INFO:CONSOLE(37)] "New Relic: Failed to execute setCustomAttribute.
Non-null value must be a string or number type, but a type of <boolean> was provided.", source: https://www.hermes.com/kr/ko/?utm_campaign=Brandzone_Search_KR&utm_source=Naver&utm_medium=Search&utm_content=Main_Link&n_media=27758&n_query=%EC%97%90%EB%A5%B4%EB%A9%94%EC%8A%A4&n_rank=1&n_ad_group=grp-a001-04-000000035530060&n_ad=nad-a001-04-000000250445122&n_keyword_id=nkw-a001-04-000005478173488&n_keyword=%EC%97%90%EB%A5%B4%EB%A9%94%EC%8A%A4&n_campaign_type=4&n_contract=tct-a001-04-000000000734280&n_ad_group_type=5 (37)
[0823/172226.496:INFO:CONSOLE(137)] "VIDEOJS: ERROR: (CODE:4 MEDIA_ERR_SRC_NOT_SUPPORTED) No compatible source was found for this media. [object Object]", source: https://www.hermes.com/sites/default/files/advagg_js/js__pz0fobxmYj6j7YxRJs06UdJUSkXaxeIw_13OgjOTOZ8__mXKN7k2m0-jHoGPg6aNe8ATR3GbHJuYrmpMSzeYE3kY__npRnZwjDUXeKV8EBATuOBheHQeezgogiZBNl5ujj4FA.js (137)
[0823/172227.158:INFO:CONSOLE(145)] "Error with service call loggedInCheckFail", source: https://www.hermes.com/sites/default/files/advagg_js/js__pz0fobxmYj6j7YxRJs06UdJUSkXaxeIw_13OgjOTOZ8__mXKN7k2m0-jHoGPg6aNe8ATR3GbHJuYrmpMSzeYE3kY__npRnZwjDUXeKV8EBATuOBheHQeezgogiZBNl5ujj4FA.js (145)
[0823/172234.524:INFO:CONSOLE(9)] "JQMIGRATE: Migrate is installed, version 1.4.1", source: https://www.hermes.com/sites/default/files/advagg_js/js__kYDYuWjxTOwhEt9VMKkAa5eQI2niSP44-3Tcg9WlpPU__c3cfLKijjTSDjNOJwjHTnYGBx30o9MD0EEs7nrcM8a0__npRnZwjDUXeKV8EBATuOBheHQeezgogiZBNl5ujj4FA.js (9)
[0823/172234.572:INFO:CONSOLE(2)] "Error", source: https://d.digital.hermes/tags.js (2)
[0823/172234.796:INFO:CONSOLE(1)] "Error", source:  (1)
[0823/172234.814:WARNING:frame_impl.cc(420)] SendProcessMessage sent to detached frame 30064771077 [7,5] will be ignored
[0823/172234.814:WARNING:frame_impl.cc(420)] SendProcessMessage sent to detached frame 30064771077 [7,5] will be ignored
[0823/172234.856:INFO:CONSOLE(2)] "Error", source: https://d.digital.hermes/tags.js (2)
[0823/172234.916:INFO:CONSOLE(1)] "Error", source:  (1)
[0823/172234.916:WARNING:frame_impl.cc(420)] SendProcessMessage sent to detached frame 30064771078 [7,6] will be ignored
[0823/172234.916:WARNING:frame_impl.cc(420)] SendProcessMessage sent to detached frame 30064771078 [7,6] will be ignored
[0823/172234.924:WARNING:frame_impl.cc(420)] SendProcessMessage sent to detached frame 30064771076 [7,4] will be ignored
[0823/172234.924:WARNING:frame_impl.cc(420)] SendProcessMessage sent to detached frame 30064771076 [7,4] will be ignored
[0823/172236.150:INFO:CONSOLE(37)] "New Relic: Failed to execute setCustomAttribute.
Non-null value must be a string or number type, but a type of <undefined> was provided.", source: https://www.hermes.com/kr/ko/?utm_campaign=Brandzone_Search_KR&utm_source=Naver&utm_medium=Search&utm_content=Main_Link&n_media=27758&n_query=%EC%97%90%EB%A5%B4%EB%A9%94%EC%8A%A4&n_rank=1&n_ad_group=grp-a001-04-000000035530060&n_ad=nad-a001-04-000000250445122&n_keyword_id=nkw-a001-04-000005478173488&n_keyword=%EC%97%90%EB%A5%B4%EB%A9%94%EC%8A%A4&n_campaign_type=4&n_contract=tct-a001-04-000000000734280&n_ad_group_type=5 (37)
[0823/172236.150:INFO:CONSOLE(37)] "New Relic: Failed to execute setCustomAttribute.
Non-null value must be a string or number type, but a type of <boolean> was provided.", source: https://www.hermes.com/kr/ko/?utm_campaign=Brandzone_Search_KR&utm_source=Naver&utm_medium=Search&utm_content=Main_Link&n_media=27758&n_query=%EC%97%90%EB%A5%B4%EB%A9%94%EC%8A%A4&n_rank=1&n_ad_group=grp-a001-04-000000035530060&n_ad=nad-a001-04-000000250445122&n_keyword_id=nkw-a001-04-000005478173488&n_keyword=%EC%97%90%EB%A5%B4%EB%A9%94%EC%8A%A4&n_campaign_type=4&n_contract=tct-a001-04-000000000734280&n_ad_group_type=5 (37)
[0823/172236.151:INFO:CONSOLE(37)] "New Relic: Failed to execute setCustomAttribute.
Non-null value must be a string or number type, but a type of <boolean> was provided.", source: https://www.hermes.com/kr/ko/?utm_campaign=Brandzone_Search_KR&utm_source=Naver&utm_medium=Search&utm_content=Main_Link&n_media=27758&n_query=%EC%97%90%EB%A5%B4%EB%A9%94%EC%8A%A4&n_rank=1&n_ad_group=grp-a001-04-000000035530060&n_ad=nad-a001-04-000000250445122&n_keyword_id=nkw-a001-04-000005478173488&n_keyword=%EC%97%90%EB%A5%B4%EB%A9%94%EC%8A%A4&n_campaign_type=4&n_contract=tct-a001-04-000000000734280&n_ad_group_type=5 (37)
[0823/172236.583:INFO:CONSOLE(137)] "VIDEOJS: ERROR: (CODE:4 MEDIA_ERR_SRC_NOT_SUPPORTED) No compatible source was found for this media. [object Object]", source: https://www.hermes.com/sites/default/files/advagg_js/js__pz0fobxmYj6j7YxRJs06UdJUSkXaxeIw_13OgjOTOZ8__mXKN7k2m0-jHoGPg6aNe8ATR3GbHJuYrmpMSzeYE3kY__npRnZwjDUXeKV8EBATuOBheHQeezgogiZBNl5ujj4FA.js (137)
[0823/172237.344:INFO:CONSOLE(145)] "Error with service call loggedInCheckFail", source: https://www.hermes.com/sites/default/files/advagg_js/js__pz0fobxmYj6j7YxRJs06UdJUSkXaxeIw_13OgjOTOZ8__mXKN7k2m0-jHoGPg6aNe8ATR3GbHJuYrmpMSzeYE3kY__npRnZwjDUXeKV8EBATuOBheHQeezgogiZBNl5ujj4FA.js (145)
[0823/172314.837:WARNING:frame_impl.cc(420)] SendProcessMessage sent to detached frame 21474836481 [5,1] will be ignored
[0823/172315.287:INFO:CONSOLE(9)] "JQMIGRATE: Migrate is installed, version 1.4.1", source: https://www.hermes.com/sites/default/files/advagg_js/js__kYDYuWjxTOwhEt9VMKkAa5eQI2niSP44-3Tcg9WlpPU__c3cfLKijjTSDjNOJwjHTnYGBx30o9MD0EEs7nrcM8a0__npRnZwjDUXeKV8EBATuOBheHQeezgogiZBNl5ujj4FA.js (9)
[0823/172315.597:INFO:CONSOLE(2)] "Error", source: https://d.digital.hermes/tags.js (2)
[0823/172315.635:INFO:CONSOLE(1)] "Error", source:  (1)
[0823/172315.648:WARNING:frame_impl.cc(420)] SendProcessMessage sent to detached frame 38654705670 [9,6] will be ignored
[0823/172315.648:WARNING:frame_impl.cc(420)] SendProcessMessage sent to detached frame 38654705670 [9,6] will be ignored
[0823/172315.665:INFO:CONSOLE(2)] "Error", source: https://d.digital.hermes/tags.js (2)
[0823/172315.690:INFO:CONSOLE(1)] "Error", source:  (1)
[0823/172315.690:WARNING:frame_impl.cc(420)] SendProcessMessage sent to detached frame 38654705671 [9,7] will be ignored
[0823/172315.690:WARNING:frame_impl.cc(420)] SendProcessMessage sent to detached frame 38654705671 [9,7] will be ignored
[0823/172315.698:WARNING:frame_impl.cc(420)] SendProcessMessage sent to detached frame 38654705669 [9,5] will be ignored
[0823/172315.698:WARNING:frame_impl.cc(420)] SendProcessMessage sent to detached frame 38654705669 [9,5] will be ignored
[0823/172316.253:INFO:CONSOLE(37)] "New Relic: Failed to execute setCustomAttribute.
Non-null value must be a string or number type, but a type of <undefined> was provided.", source: https://www.hermes.com/kr/ko/?utm_campaign=Brandzone_Search_KR&utm_source=Naver&utm_medium=Search&utm_content=Main_Link&n_media=27758&n_query=%EC%97%90%EB%A5%B4%EB%A9%94%EC%8A%A4&n_rank=1&n_ad_group=grp-a001-04-000000035530060&n_ad=nad-a001-04-000000250445122&n_keyword_id=nkw-a001-04-000005478173488&n_keyword=%EC%97%90%EB%A5%B4%EB%A9%94%EC%8A%A4&n_campaign_type=4&n_contract=tct-a001-04-000000000734280&n_ad_group_type=5 (37)
[0823/172316.253:INFO:CONSOLE(37)] "New Relic: Failed to execute setCustomAttribute.
Non-null value must be a string or number type, but a type of <boolean> was provided.", source: https://www.hermes.com/kr/ko/?utm_campaign=Brandzone_Search_KR&utm_source=Naver&utm_medium=Search&utm_content=Main_Link&n_media=27758&n_query=%EC%97%90%EB%A5%B4%EB%A9%94%EC%8A%A4&n_rank=1&n_ad_group=grp-a001-04-000000035530060&n_ad=nad-a001-04-000000250445122&n_keyword_id=nkw-a001-04-000005478173488&n_keyword=%EC%97%90%EB%A5%B4%EB%A9%94%EC%8A%A4&n_campaign_type=4&n_contract=tct-a001-04-000000000734280&n_ad_group_type=5 (37)
[0823/172316.254:INFO:CONSOLE(37)] "New Relic: Failed to execute setCustomAttribute.
Non-null value must be a string or number type, but a type of <boolean> was provided.", source: https://www.hermes.com/kr/ko/?utm_campaign=Brandzone_Search_KR&utm_source=Naver&utm_medium=Search&utm_content=Main_Link&n_media=27758&n_query=%EC%97%90%EB%A5%B4%EB%A9%94%EC%8A%A4&n_rank=1&n_ad_group=grp-a001-04-000000035530060&n_ad=nad-a001-04-000000250445122&n_keyword_id=nkw-a001-04-000005478173488&n_keyword=%EC%97%90%EB%A5%B4%EB%A9%94%EC%8A%A4&n_campaign_type=4&n_contract=tct-a001-04-000000000734280&n_ad_group_type=5 (37)
[0823/172316.478:INFO:CONSOLE(137)] "VIDEOJS: ERROR: (CODE:4 MEDIA_ERR_SRC_NOT_SUPPORTED) No compatible source was found for this media. [object Object]", source: https://www.hermes.com/sites/default/files/advagg_js/js__pz0fobxmYj6j7YxRJs06UdJUSkXaxeIw_13OgjOTOZ8__mXKN7k2m0-jHoGPg6aNe8ATR3GbHJuYrmpMSzeYE3kY__npRnZwjDUXeKV8EBATuOBheHQeezgogiZBNl5ujj4FA.js (137)
[0823/172318.742:INFO:CONSOLE(145)] "Error with service call loggedInCheckFail", source: https://www.hermes.com/sites/default/files/advagg_js/js__pz0fobxmYj6j7YxRJs06UdJUSkXaxeIw_13OgjOTOZ8__mXKN7k2m0-jHoGPg6aNe8ATR3GbHJuYrmpMSzeYE3kY__npRnZwjDUXeKV8EBATuOBheHQeezgogiZBNl5ujj4FA.js (145)
[0823/172325.712:INFO:CONSOLE(9)] "JQMIGRATE: Migrate is installed, version 1.4.1", source: https://www.hermes.com/sites/default/files/advagg_js/js__kYDYuWjxTOwhEt9VMKkAa5eQI2niSP44-3Tcg9WlpPU__c3cfLKijjTSDjNOJwjHTnYGBx30o9MD0EEs7nrcM8a0__npRnZwjDUXeKV8EBATuOBheHQeezgogiZBNl5ujj4FA.js (9)
[0823/172325.745:INFO:CONSOLE(2)] "Error", source: https://d.digital.hermes/tags.js (2)
[0823/172325.810:INFO:CONSOLE(1)] "Error", source:  (1)
[0823/172325.810:WARNING:frame_impl.cc(420)] SendProcessMessage sent to detached frame 38654705673 [9,9] will be ignored
[0823/172325.811:WARNING:frame_impl.cc(420)] SendProcessMessage sent to detached frame 38654705673 [9,9] will be ignored
[0823/172325.844:INFO:CONSOLE(2)] "Error", source: https://d.digital.hermes/tags.js (2)
[0823/172325.894:INFO:CONSOLE(1)] "Error", source:  (1)
[0823/172325.895:WARNING:frame_impl.cc(420)] SendProcessMessage sent to detached frame 38654705674 [9,10] will be ignored
[0823/172325.895:WARNING:frame_impl.cc(420)] SendProcessMessage sent to detached frame 38654705674 [9,10] will be ignored
[0823/172325.900:WARNING:frame_impl.cc(420)] SendProcessMessage sent to detached frame 38654705672 [9,8] will be ignored
[0823/172325.900:WARNING:frame_impl.cc(420)] SendProcessMessage sent to detached frame 38654705672 [9,8] will be ignored
[0823/172326.348:INFO:CONSOLE(37)] "New Relic: Failed to execute setCustomAttribute.
Non-null value must be a string or number type, but a type of <undefined> was provided.", source: https://www.hermes.com/kr/ko/?utm_campaign=Brandzone_Search_KR&utm_source=Naver&utm_medium=Search&utm_content=Main_Link&n_media=27758&n_query=%EC%97%90%EB%A5%B4%EB%A9%94%EC%8A%A4&n_rank=1&n_ad_group=grp-a001-04-000000035530060&n_ad=nad-a001-04-000000250445122&n_keyword_id=nkw-a001-04-000005478173488&n_keyword=%EC%97%90%EB%A5%B4%EB%A9%94%EC%8A%A4&n_campaign_type=4&n_contract=tct-a001-04-000000000734280&n_ad_group_type=5 (37)
[0823/172326.349:INFO:CONSOLE(37)] "New Relic: Failed to execute setCustomAttribute.
Non-null value must be a string or number type, but a type of <boolean> was provided.", source: https://www.hermes.com/kr/ko/?utm_campaign=Brandzone_Search_KR&utm_source=Naver&utm_medium=Search&utm_content=Main_Link&n_media=27758&n_query=%EC%97%90%EB%A5%B4%EB%A9%94%EC%8A%A4&n_rank=1&n_ad_group=grp-a001-04-000000035530060&n_ad=nad-a001-04-000000250445122&n_keyword_id=nkw-a001-04-000005478173488&n_keyword=%EC%97%90%EB%A5%B4%EB%A9%94%EC%8A%A4&n_campaign_type=4&n_contract=tct-a001-04-000000000734280&n_ad_group_type=5 (37)
[0823/172326.349:INFO:CONSOLE(37)] "New Relic: Failed to execute setCustomAttribute.
Non-null value must be a string or number type, but a type of <boolean> was provided.", source: https://www.hermes.com/kr/ko/?utm_campaign=Brandzone_Search_KR&utm_source=Naver&utm_medium=Search&utm_content=Main_Link&n_media=27758&n_query=%EC%97%90%EB%A5%B4%EB%A9%94%EC%8A%A4&n_rank=1&n_ad_group=grp-a001-04-000000035530060&n_ad=nad-a001-04-000000250445122&n_keyword_id=nkw-a001-04-000005478173488&n_keyword=%EC%97%90%EB%A5%B4%EB%A9%94%EC%8A%A4&n_campaign_type=4&n_contract=tct-a001-04-000000000734280&n_ad_group_type=5 (37)
[0823/172326.534:INFO:CONSOLE(137)] "VIDEOJS: ERROR: (CODE:4 MEDIA_ERR_SRC_NOT_SUPPORTED) No compatible source was found for this media. [object Object]", source: https://www.hermes.com/sites/default/files/advagg_js/js__pz0fobxmYj6j7YxRJs06UdJUSkXaxeIw_13OgjOTOZ8__mXKN7k2m0-jHoGPg6aNe8ATR3GbHJuYrmpMSzeYE3kY__npRnZwjDUXeKV8EBATuOBheHQeezgogiZBNl5ujj4FA.js (137)
